<?xml version="1.0" encoding="UTF-8"?>
<!-- Generated by org.testng.reporters.JUnitReportReporter -->
<testsuite hostname="Varun-pc" failures="0" tests="4" name="testlayer.LoginTest" time="2.718" errors="0" timestamp="2022-04-01T22:46:04 EDT" skipped="0">
  <testcase classname="testlayer.LoginTest" name="Title" time="0.023"/>
  <system-out/>
  <testcase classname="testlayer.LoginTest" name="username" time="0.330"/>
  <system-out/>
  <testcase classname="testlayer.LoginTest" name="password" time="0.294"/>
  <system-out/>
  <testcase classname="testlayer.LoginTest" name="login" time="2.071"/>
  <system-out/>
</testsuite> <!-- testlayer.LoginTest -->
